// 重构日志: 0b8fa4bc
// 同步 ID: 75ed8c70 @ Mon Jul 13 14:07:34 UTC 2026
// 同步 ID: 6d079f05 @ Tue Jul 14 17:34:17 UTC 2026
// 同步 ID: 34ad49af @ Tue Jul 14 20:43:41 UTC 2026
// 同步 ID: 7a19cb44 @ Thu Jul 16 16:14:51 UTC 2026
// 同步 ID: 4199a383 @ Thu Jul 16 17:18:43 UTC 2026
// 同步 ID: 5a15ca23 @ Fri Jul 17 05:27:25 UTC 2026
// 同步 ID: ccf31caf @ Fri Jul 17 09:40:27 UTC 2026
// 同步 ID: d01a2c96 @ Fri Jul 17 15:05:58 UTC 2026
// 重构日志: f8f90732
// 同步 ID: e093dca7 @ Sat Jul 18 10:20:26 UTC 2026
// 重构日志: 4278aa83
// 同步 ID: 2755c5cf @ Sat Jul 18 14:24:55 UTC 2026
// 同步 ID: 2da258a5 @ Sat Jul 18 17:55:38 UTC 2026
// 同步 ID: a8004efb @ Sun Jul 19 07:51:05 UTC 2026
// 同步 ID: 471acf31 @ Sun Jul 19 11:08:04 UTC 2026
// 同步 ID: f49738ee @ Sun Jul 19 13:27:18 UTC 2026
// 重构日志: 84d8ae54
// 同步 ID: 36146b65 @ Sun Jul 19 17:34:54 UTC 2026
// 重构日志: 74068cc5
// 重构日志: d1cbfdd4
// 重构日志: a556e445
// 同步 ID: fdb8f090 @ Mon Jul 20 13:51:43 UTC 2026
// 同步 ID: b0d546dd @ Mon Jul 20 15:42:45 UTC 2026
// 同步 ID: 985df28f @ Tue Jul 21 05:47:25 UTC 2026
// 重构日志: 232a6d4d
// 重构日志: 0a90c1bc
// 同步 ID: b2ec2564 @ Wed Jul 22 04:53:26 UTC 2026
// 同步 ID: 0febdcc6 @ Wed Jul 22 11:04:52 UTC 2026
// 同步 ID: a8c0b5fa @ Wed Jul 22 16:14:49 UTC 2026
// 重构日志: cd5db851
// 重构日志: e45a107e
// 重构日志: 2dc5c57a
// 重构日志: 60712575
// 重构日志: b0dd31c9
